SFNativePresent/build/outputs/logs/manifest-merger-debug-report.txt
-- Merging decision tree log ---
manifest
ADDED from SFNativePresent\SFNativePresent\AndroidManifest.xml:3:1-41:12
	package
		ADDED from SFNativePresent\SFNativePresent\AndroidManifest.xml:4:2-28
	android:versionName
		ADDED from SFNativePresent\SFNativePresent\AndroidManifest.xml:6:2-27
		INJECTED from SFNativePresent\SFNativePresent\AndroidManifest.xml
		INJECTED from SFNativePresent\SFNativePresent\AndroidManifest.xml
	android:versionCode
		ADDED from SFNativePresent\SFNativePresent\AndroidManifest.xml:5:2-25
		INJECTED from SFNativePresent\SFNativePresent\AndroidManifest.xml
		INJECTED from SFNativePresent\SFNativePresent\AndroidManifest.xml
	xmlns:android
		ADDED from SFNativePresent\SFNativePresent\AndroidManifest.xml:3:11-69
	android:installLocation
		ADDED from SFNativePresent\SFNativePresent\AndroidManifest.xml:7:2-40
uses-permission#android.permission.ACCESS_FINE_LOCATION
ADDED from SFNativePresent\SFNativePresent\AndroidManifest.xml:8:2-76
	android:name
		ADDED from SFNativePresent\SFNativePresent\AndroidManifest.xml:8:19-73
application
ADDED from SFNativePresent\SFNativePresent\AndroidManifest.xml:9:2-26:16
MERGED from [SFNativePresent.forcedroid.libs:SalesforceSDK:unspecified] AndroidManifest.xml:23:5-103:19
MERGED from [com.google.android.gms:play-services-location:10.0.1] AndroidManifest.xml:4:5-19
MERGED from [com.google.android.gms:play-services-base:10.0.1] AndroidManifest.xml:18:5-20:19
MERGED from [com.google.android.gms:play-services-basement:10.0.1] AndroidManifest.xml:19:5-21:19
MERGED from [com.android.support:support-v4:24.0.0] AndroidManifest.xml:25:5-20
MERGED from [com.google.android.gms:play-services-tasks:10.0.1] AndroidManifest.xml:4:5-19
MERGED from [com.google.android.gms:play-services-maps:10.0.1] AndroidManifest.xml:24:5-19
MERGED from [com.github.delight-im:Android-AdvancedWebView:v3.0.0] AndroidManifest.xml:9:5-20
	android:label
		ADDED from SFNativePresent\SFNativePresent\AndroidManifest.xml:10:6-38
	android:manageSpaceActivity
		ADDED from SFNativePresent\SFNativePresent\AndroidManifest.xml:12:3-81
	android:icon
		ADDED from SFNativePresent\SFNativePresent\AndroidManifest.xml:9:15-51
	android:name
		ADDED from SFNativePresent\SFNativePresent\AndroidManifest.xml:11:3-37
activity#com.lakshya.hack.MainActivity
ADDED from SFNativePresent\SFNativePresent\AndroidManifest.xml:15:3-22:14
	android:label
		ADDED from SFNativePresent\SFNativePresent\AndroidManifest.xml:16:7-39
	android:theme
		ADDED from SFNativePresent\SFNativePresent\AndroidManifest.xml:17:4-62
	android:name
		ADDED from SFNativePresent\SFNativePresent\AndroidManifest.xml:15:13-41
intent-filter#android.intent.action.MAIN+android.intent.category.LAUNCHER
ADDED from SFNativePresent\SFNativePresent\AndroidManifest.xml:18:4-21:20
action#android.intent.action.MAIN
ADDED from SFNativePresent\SFNativePresent\AndroidManifest.xml:19:5-57
	android:name
		ADDED from SFNativePresent\SFNativePresent\AndroidManifest.xml:19:13-54
category#android.intent.category.LAUNCHER
ADDED from SFNativePresent\SFNativePresent\AndroidManifest.xml:20:5-65
	android:name
		ADDED from SFNativePresent\SFNativePresent\AndroidManifest.xml:20:15-62
service#com.lakshya.hack.GeofenceTransitionsIntentService
ADDED from SFNativePresent\SFNativePresent\AndroidManifest.xml:25:3-63
	android:name
		ADDED from SFNativePresent\SFNativePresent\AndroidManifest.xml:25:12-60
uses-sdk
ADDED from SFNativePresent\SFNativePresent\AndroidManifest.xml:28:5-29:41
MERGED from [SFNativePresent.forcedroid.libs:SalesforceSDK:unspecified] AndroidManifest.xml:7:5-9:41
MERGED from [com.google.android.gms:play-services-location:10.0.1] AndroidManifest.xml:3:5-42
MERGED from [com.google.android.gms:play-services-base:10.0.1] AndroidManifest.xml:17:5-42
MERGED from [com.google.android.gms:play-services-basement:10.0.1] AndroidManifest.xml:17:5-42
MERGED from [com.android.support:support-v4:24.0.0] AndroidManifest.xml:21:5-23:54
MERGED from [com.google.android.gms:play-services-tasks:10.0.1] AndroidManifest.xml:3:5-42
MERGED from [com.google.android.gms:play-services-maps:10.0.1] AndroidManifest.xml:23:5-42
MERGED from [com.github.delight-im:Android-AdvancedWebView:v3.0.0] AndroidManifest.xml:5:5-7:41
	tools:overrideLibrary
		ADDED from [com.android.support:support-v4:24.0.0] AndroidManifest.xml:23:9-51
	android:targetSdkVersion
		ADDED from SFNativePresent\SFNativePresent\AndroidManifest.xml:29:9-38
	android:minSdkVersion
		ADDED from SFNativePresent\SFNativePresent\AndroidManifest.xml:28:15-41
permission#com.lakshya.hack.C2D_MESSAGE
ADDED from SFNativePresent\SFNativePresent\AndroidManifest.xml:36:5-37:47
	android:protectionLevel
		ADDED from SFNativePresent\SFNativePresent\AndroidManifest.xml:37:9-44
	android:name
		ADDED from SFNativePresent\SFNativePresent\AndroidManifest.xml:36:17-60
uses-permission#com.lakshya.hack.C2D_MESSAGE
ADDED from SFNativePresent\SFNativePresent\AndroidManifest.xml:40:2-65
	android:name
		ADDED from SFNativePresent\SFNativePresent\AndroidManifest.xml:40:19-62
uses-permission#android.permission.ACCESS_NETWORK_STATE
ADDED from [SFNativePresent.forcedroid.libs:SalesforceSDK:unspecified] AndroidManifest.xml:11:5-79
MERGED from [com.google.android.gms:play-services-maps:10.0.1] AndroidManifest.xml:19:5-78
	android:name
		ADDED from [SFNativePresent.forcedroid.libs:SalesforceSDK:unspecified] AndroidManifest.xml:11:22-76
uses-permission#android.permission.AUTHENTICATE_ACCOUNTS
ADDED from [SFNativePresent.forcedroid.libs:SalesforceSDK:unspecified] AndroidManifest.xml:12:5-80
	android:name
		ADDED from [SFNativePresent.forcedroid.libs:SalesforceSDK:unspecified] AndroidManifest.xml:12:22-77
uses-permission#android.permission.GET_ACCOUNTS
ADDED from [SFNativePresent.forcedroid.libs:SalesforceSDK:unspecified] AndroidManifest.xml:13:5-71
	android:name
		ADDED from [SFNativePresent.forcedroid.libs:SalesforceSDK:unspecified] AndroidManifest.xml:13:22-68
uses-permission#android.permission.INTERNET
ADDED from [SFNativePresent.forcedroid.libs:SalesforceSDK:unspecified] AndroidManifest.xml:14:5-67
MERGED from [com.google.android.gms:play-services-maps:10.0.1] AndroidManifest.xml:20:5-66
	android:name
		ADDED from [SFNativePresent.forcedroid.libs:SalesforceSDK:unspecified] AndroidManifest.xml:14:22-64
uses-permission#android.permission.MANAGE_ACCOUNTS
ADDED from [SFNativePresent.forcedroid.libs:SalesforceSDK:unspecified] AndroidManifest.xml:15:5-74
	android:name
		ADDED from [SFNativePresent.forcedroid.libs:SalesforceSDK:unspecified] AndroidManifest.xml:15:22-71
uses-permission#android.permission.USE_CREDENTIALS
ADDED from [SFNativePresent.forcedroid.libs:SalesforceSDK:unspecified] AndroidManifest.xml:16:5-74
	android:name
		ADDED from [SFNativePresent.forcedroid.libs:SalesforceSDK:unspecified] AndroidManifest.xml:16:22-71
uses-permission#android.permission.WAKE_LOCK
ADDED from [SFNativePresent.forcedroid.libs:SalesforceSDK:unspecified] AndroidManifest.xml:17:5-68
	android:name
		ADDED from [SFNativePresent.forcedroid.libs:SalesforceSDK:unspecified] AndroidManifest.xml:17:22-65
uses-permission#android.permission.GET_TASKS
ADDED from [SFNativePresent.forcedroid.libs:SalesforceSDK:unspecified] AndroidManifest.xml:18:5-68
	android:name
		ADDED from [SFNativePresent.forcedroid.libs:SalesforceSDK:unspecified] AndroidManifest.xml:18:22-65
uses-permission#com.google.android.c2dm.permission.RECEIVE
ADDED from [SFNativePresent.forcedroid.libs:SalesforceSDK:unspecified] AndroidManifest.xml:19:5-82
	android:name
		ADDED from [SFNativePresent.forcedroid.libs:SalesforceSDK:unspecified] AndroidManifest.xml:19:22-79
uses-permission-sdk-23
ADDED from [SFNativePresent.forcedroid.libs:SalesforceSDK:unspecified] AndroidManifest.xml:21:5-81
	android:name
		ADDED from [SFNativePresent.forcedroid.libs:SalesforceSDK:unspecified] AndroidManifest.xml:21:29-78
meta-data#android.content.APP_RESTRICTIONS
ADDED from [SFNativePresent.forcedroid.libs:SalesforceSDK:unspecified] AndroidManifest.xml:26:9-28:56
	android:resource
		ADDED from [SFNativePresent.forcedroid.libs:SalesforceSDK:unspecified] AndroidManifest.xml:28:13-53
	android:name
		ADDED from [SFNativePresent.forcedroid.libs:SalesforceSDK:unspecified] AndroidManifest.xml:27:13-60
service#com.salesforce.androidsdk.auth.AuthenticatorService
ADDED from [SFNativePresent.forcedroid.libs:SalesforceSDK:unspecified] AndroidManifest.xml:31:9-41:19
	android:exported
		ADDED from [SFNativePresent.forcedroid.libs:SalesforceSDK:unspecified] AndroidManifest.xml:33:13-36
	android:name
		ADDED from [SFNativePresent.forcedroid.libs:SalesforceSDK:unspecified] AndroidManifest.xml:32:13-79
intent-filter#android.accounts.AccountAuthenticator
ADDED from [SFNativePresent.forcedroid.libs:SalesforceSDK:unspecified] AndroidManifest.xml:34:13-36:29
action#android.accounts.AccountAuthenticator
ADDED from [SFNativePresent.forcedroid.libs:SalesforceSDK:unspecified] AndroidManifest.xml:35:17-80
	android:name
		ADDED from [SFNativePresent.forcedroid.libs:SalesforceSDK:unspecified] AndroidManifest.xml:35:25-77
meta-data#android.accounts.AccountAuthenticator
ADDED from [SFNativePresent.forcedroid.libs:SalesforceSDK:unspecified] AndroidManifest.xml:38:13-40:57
	android:resource
		ADDED from [SFNativePresent.forcedroid.libs:SalesforceSDK:unspecified] AndroidManifest.xml:40:17-54
	android:name
		ADDED from [SFNativePresent.forcedroid.libs:SalesforceSDK:unspecified] AndroidManifest.xml:39:17-69
activity#com.salesforce.androidsdk.ui.LoginActivity
ADDED from [SFNativePresent.forcedroid.libs:SalesforceSDK:unspecified] AndroidManifest.xml:44:9-46:67
	android:theme
		ADDED from [SFNativePresent.forcedroid.libs:SalesforceSDK:unspecified] AndroidManifest.xml:46:13-64
	android:name
		ADDED from [SFNativePresent.forcedroid.libs:SalesforceSDK:unspecified] AndroidManifest.xml:45:13-70
activity#com.salesforce.androidsdk.ui.PasscodeActivity
ADDED from [SFNativePresent.forcedroid.libs:SalesforceSDK:unspecified] AndroidManifest.xml:49:9-51:67
	android:theme
		ADDED from [SFNativePresent.forcedroid.libs:SalesforceSDK:unspecified] AndroidManifest.xml:51:13-64
	android:name
		ADDED from [SFNativePresent.forcedroid.libs:SalesforceSDK:unspecified] AndroidManifest.xml:50:13-73
activity#com.salesforce.androidsdk.ui.ManageSpaceActivity
ADDED from [SFNativePresent.forcedroid.libs:SalesforceSDK:unspecified] AndroidManifest.xml:54:9-57:67
	android:excludeFromRecents
		ADDED from [SFNativePresent.forcedroid.libs:SalesforceSDK:unspecified] AndroidManifest.xml:56:13-46
	android:theme
		ADDED from [SFNativePresent.forcedroid.libs:SalesforceSDK:unspecified] AndroidManifest.xml:57:13-64
	android:name
		ADDED from [SFNativePresent.forcedroid.libs:SalesforceSDK:unspecified] AndroidManifest.xml:55:13-76
activity#com.salesforce.androidsdk.ui.ServerPickerActivity
ADDED from [SFNativePresent.forcedroid.libs:SalesforceSDK:unspecified] AndroidManifest.xml:60:9-63:67
	android:excludeFromRecents
		ADDED from [SFNativePresent.forcedroid.libs:SalesforceSDK:unspecified] AndroidManifest.xml:62:13-46
	android:theme
		ADDED from [SFNativePresent.forcedroid.libs:SalesforceSDK:unspecified] AndroidManifest.xml:63:13-64
	android:name
		ADDED from [SFNativePresent.forcedroid.libs:SalesforceSDK:unspecified] AndroidManifest.xml:61:13-77
activity#com.salesforce.androidsdk.ui.AccountSwitcherActivity
ADDED from [SFNativePresent.forcedroid.libs:SalesforceSDK:unspecified] AndroidManifest.xml:66:9-69:67
	android:excludeFromRecents
		ADDED from [SFNativePresent.forcedroid.libs:SalesforceSDK:unspecified] AndroidManifest.xml:68:13-46
	android:theme
		ADDED from [SFNativePresent.forcedroid.libs:SalesforceSDK:unspecified] AndroidManifest.xml:69:13-64
	android:name
		ADDED from [SFNativePresent.forcedroid.libs:SalesforceSDK:unspecified] AndroidManifest.xml:67:13-80
receiver#com.salesforce.androidsdk.push.PushBroadcastReceiver
ADDED from [SFNativePresent.forcedroid.libs:SalesforceSDK:unspecified] AndroidManifest.xml:75:9-89:20
	android:exported
		ADDED from [SFNativePresent.forcedroid.libs:SalesforceSDK:unspecified] AndroidManifest.xml:77:13-36
	android:permission
		ADDED from [SFNativePresent.forcedroid.libs:SalesforceSDK:unspecified] AndroidManifest.xml:78:13-73
	android:name
		ADDED from [SFNativePresent.forcedroid.libs:SalesforceSDK:unspecified] AndroidManifest.xml:76:13-80
intent-filter#${applicationId}+com.google.android.c2dm.intent.RECEIVE
ADDED from [SFNativePresent.forcedroid.libs:SalesforceSDK:unspecified] AndroidManifest.xml:79:13-83:29
action#com.google.android.c2dm.intent.RECEIVE
ADDED from [SFNativePresent.forcedroid.libs:SalesforceSDK:unspecified] AndroidManifest.xml:80:17-81
	android:name
		ADDED from [SFNativePresent.forcedroid.libs:SalesforceSDK:unspecified] AndroidManifest.xml:80:25-78
category#${applicationId}
ADDED from [SFNativePresent.forcedroid.libs:SalesforceSDK:unspecified] AndroidManifest.xml:82:17-61
	android:name
		ADDED from [SFNativePresent.forcedroid.libs:SalesforceSDK:unspecified] AndroidManifest.xml:82:27-58
		INJECTED from SFNativePresent\SFNativePresent\AndroidManifest.xml
		INJECTED from SFNativePresent\SFNativePresent\AndroidManifest.xml
intent-filter#${applicationId}+com.google.android.c2dm.intent.REGISTRATION
ADDED from [SFNativePresent.forcedroid.libs:SalesforceSDK:unspecified] AndroidManifest.xml:84:13-88:29
action#com.google.android.c2dm.intent.REGISTRATION
ADDED from [SFNativePresent.forcedroid.libs:SalesforceSDK:unspecified] AndroidManifest.xml:85:17-86
	android:name
		ADDED from [SFNativePresent.forcedroid.libs:SalesforceSDK:unspecified] AndroidManifest.xml:85:25-83
receiver#com.salesforce.androidsdk.push.PushService$RetryRegistrationAlarmReceiver
ADDED from [SFNativePresent.forcedroid.libs:SalesforceSDK:unspecified] AndroidManifest.xml:90:9-92:40
	android:exported
		ADDED from [SFNativePresent.forcedroid.libs:SalesforceSDK:unspecified] AndroidManifest.xml:92:13-37
	android:name
		ADDED from [SFNativePresent.forcedroid.libs:SalesforceSDK:unspecified] AndroidManifest.xml:91:13-101
receiver#com.salesforce.androidsdk.push.PushService$SFDCRegistrationRetryAlarmReceiver
ADDED from [SFNativePresent.forcedroid.libs:SalesforceSDK:unspecified] AndroidManifest.xml:93:9-95:40
	android:exported
		ADDED from [SFNativePresent.forcedroid.libs:SalesforceSDK:unspecified] AndroidManifest.xml:95:13-37
	android:name
		ADDED from [SFNativePresent.forcedroid.libs:SalesforceSDK:unspecified] AndroidManifest.xml:94:13-105
receiver#com.salesforce.androidsdk.push.PushService$UnregisterRetryAlarmReceiver
ADDED from [SFNativePresent.forcedroid.libs:SalesforceSDK:unspecified] AndroidManifest.xml:96:9-98:40
	android:exported
		ADDED from [SFNativePresent.forcedroid.libs:SalesforceSDK:unspecified] AndroidManifest.xml:98:13-37
	android:name
		ADDED from [SFNativePresent.forcedroid.libs:SalesforceSDK:unspecified] AndroidManifest.xml:97:13-99
service#com.salesforce.androidsdk.push.PushService
ADDED from [SFNativePresent.forcedroid.libs:SalesforceSDK:unspecified] AndroidManifest.xml:100:9-102:40
	android:exported
		ADDED from [SFNativePresent.forcedroid.libs:SalesforceSDK:unspecified] AndroidManifest.xml:102:13-37
	android:name
		ADDED from [SFNativePresent.forcedroid.libs:SalesforceSDK:unspecified] AndroidManifest.xml:101:13-70
activity#com.google.android.gms.common.api.GoogleApiActivity
ADDED from [com.google.android.gms:play-services-base:10.0.1] AndroidManifest.xml:19:9-172
	android:exported
		ADDED from [com.google.android.gms:play-services-base:10.0.1] AndroidManifest.xml:19:146-170
	android:theme
		ADDED from [com.google.android.gms:play-services-base:10.0.1] AndroidManifest.xml:19:86-145
	android:name
		ADDED from [com.google.android.gms:play-services-base:10.0.1] AndroidManifest.xml:19:19-85
meta-data#com.google.android.gms.version
ADDED from [com.google.android.gms:play-services-basement:10.0.1] AndroidManifest.xml:20:9-121
	android:value
		ADDED from [com.google.android.gms:play-services-basement:10.0.1] AndroidManifest.xml:20:66-119
	android:name
		ADDED from [com.google.android.gms:play-services-basement:10.0.1] AndroidManifest.xml:20:20-65
uses-feature#0x00020000
ADDED from [com.google.android.gms:play-services-maps:10.0.1] AndroidManifest.xml:21:5-77
	android:glEsVersion
		ADDED from [com.google.android.gms:play-services-maps:10.0.1] AndroidManifest.xml:21:19-51
	android:required
		ADDED from [com.google.android.gms:play-services-maps:10.0.1] AndroidManifest.xml:21:52-75